Debug: "Launching Perspective Mockups installer 1.0.0" 
Debug: "Detecting installations on Mac 12" 
Debug: "Processing installation dir: Adobe Photoshop CC 2014.app" 
Debug: "Detecting extensions path for PS v.80.0" 
Debug: 80 "/Users/Wantinglin/Library/Application Support/Adobe/CEP/extensions" 
Debug: "Processing installation dir: Adobe Photoshop CS6.app" 
Debug: "Detecting extensions path for PS v.60.0" 
Debug: 60 "/Users/Wantinglin/Library/Application Support/Adobe/CS6ServiceManager/extensions" 
Debug: "Detecting installations in Applications/Adobe" 
Warning: "loadInstalledFilesList: unable to open '/Users/Wantinglin/Library/Application Support/io.missingpixels.perspectivemockups/files.txt'" 
Debug: "Starting installation of /Applications/Adobe Photoshop CC 2014/Adobe Photoshop CC 2014.app" 
Debug: "Installing into /Users/Wantinglin/Library/Application Support/Adobe/CEP/extensions" 
Debug: "Starting installation of /Applications/Adobe Photoshop CS6/Adobe Photoshop CS6.app" 
Debug: "Installing into /Users/Wantinglin/Library/Application Support/Adobe/CS6ServiceManager/extensions" 
Debug: Installation completed 
Warning: QThread: Destroyed while thread is still running
Warning: QThread: Destroyed while thread is still running
Debug: "Launching Perspective Mockups installer 1.0.0" 
Debug: "Detecting installations on Mac 12" 
Debug: "Processing installation dir: Adobe Photoshop CC 2014.app" 
Debug: "Detecting extensions path for PS v.80.0" 
Debug: 80 "/Users/Wantinglin/Library/Application Support/Adobe/CEP/extensions" 
Debug: "Processing installation dir: Adobe Photoshop CS6.app" 
Debug: "Detecting extensions path for PS v.60.0" 
Debug: 60 "/Users/Wantinglin/Library/Application Support/Adobe/CS6ServiceManager/extensions" 
Debug: "Detecting installations in Applications/Adobe" 
Debug: "Trying manual installation" 
Debug: "Processing installation dir: Perspective Mockups.app" 
Critical: "Unable to create Plug-ins dir in selected photoshop" 
Warning: QThread: Destroyed while thread is still running
Warning: QThread: Destroyed while thread is still running
Debug: "Launching Perspective Mockups installer 1.0.0" 
Debug: "Detecting installations on Mac 12" 
Debug: "Processing installation dir: Adobe Photoshop CC 2014.app" 
Debug: "Detecting extensions path for PS v.80.0" 
Debug: 80 "/Users/Wantinglin/Library/Application Support/Adobe/CEP/extensions" 
Debug: "Processing installation dir: Adobe Photoshop CS6.app" 
Debug: "Detecting extensions path for PS v.60.0" 
Debug: 60 "/Users/Wantinglin/Library/Application Support/Adobe/CS6ServiceManager/extensions" 
Debug: "Detecting installations in Applications/Adobe" 
Debug: "loadInstalledFilesList of '/Users/Wantinglin/Library/Application Support/io.missingpixels.perspectivemockups/files.txt' succeeded (total files: 105)" 
Debug: "uninstallInstalledFiles: removed /Users/Wantinglin/Library/Application Support/io.missingpixels.perspectivemockups/files.txt" 
Debug: "Starting installation of /Applications/Adobe Photoshop CC 2014/Adobe Photoshop CC 2014.app" 
Debug: "Installing into /Users/Wantinglin/Library/Application Support/Adobe/CEP/extensions" 
Debug: "osascript -e "do shell script \"chmod 777 \\\"/Applications/Adobe Photoshop CC 2014/Plug-ins\\\";chmod 777 \\\"/Applications/Adobe Photoshop CC 2014/Plug-ins/Generator\\\";chmod -R 777 \\\"/Applications/Adobe Photoshop CC 2014/Plug-ins/Generator/io.missingpixels.perspectivemockups\\\";chmod 777 \\\"/Applications/Adobe Photoshop CC 2014/Plug-ins/Panels\\\";chmod -R 777 \\\"/Applications/Adobe Photoshop CC 2014/Plug-ins/Panels/io.missingpixels.perspectivemockups\\\";chmod 777 \\\"/Users/Wantinglin/Library/Application Support/Adobe/CEP/extensions\\\";chmod -R 777 \\\"/Users/Wantinglin/Library/Application Support/Adobe/CEP/extensions/io.missingpixels.perspectivemockups\\\";chmod 777 \\\"/Users/Wantinglin/Library/Application Support/Adobe/CEPServiceManager4/extensions\\\";chmod -R 777 \\\"/Users/Wantinglin/Library/Application Support/Adobe/CEPServiceManager4/extensions/io.missingpixels.perspectivemockups\\\";chmod 777 \\\"/Users/Wantinglin/Library/Application Support/Adobe/CS6ServiceManager/extensions\\\";chmod -R 777 \\\"/Users/Wantinglin/Library/Application Support/Adobe/CS6ServiceManager/extensions/io.missingpixels.perspectivemockups\\\";chmod 777 \\\"/Users/Wantinglin/Library/Application Support/Adobe/CS5.5ServiceManager/extensions\\\";chmod -R 777 \\\"/Users/Wantinglin/Library/Application Support/Adobe/CS5.5ServiceManager/extensions/io.missingpixels.perspectivemockups\\\";chmod 777 \\\"/Users/Wantinglin/Library/Application Support/Adobe/CS5ServiceManager/extensions\\\";chmod -R 777 \\\"/Users/Wantinglin/Library/Application Support/Adobe/CS5ServiceManager/extensions/io.missingpixels.perspectivemockups\\\";\" with administrator privileges""  returned  256 
Critical: "Failed to create app directory inside extension dir" 
Warning: QThread: Destroyed while thread is still running
Warning: QThread: Destroyed while thread is still running
Debug: "Launching Perspective Mockups installer 1.0.0" 
Debug: "Detecting installations on Mac 12" 
Debug: "Processing installation dir: Adobe Photoshop CC 2014.app" 
Debug: "Detecting extensions path for PS v.80.0" 
Debug: 80 "/Users/Wantinglin/Library/Application Support/Adobe/CEP/extensions" 
Debug: "Processing installation dir: Adobe Photoshop CS6.app" 
Debug: "Detecting extensions path for PS v.60.0" 
Debug: 60 "/Users/Wantinglin/Library/Application Support/Adobe/CS6ServiceManager/extensions" 
Debug: "Detecting installations in Applications/Adobe" 
Warning: "loadInstalledFilesList: unable to open '/Users/Wantinglin/Library/Application Support/io.missingpixels.perspectivemockups/files.txt'" 
Debug: "Starting installation of /Applications/Adobe Photoshop CC 2014/Adobe Photoshop CC 2014.app" 
Debug: "Installing into /Users/Wantinglin/Library/Application Support/Adobe/CEP/extensions" 
Debug: "Starting installation of /Applications/Adobe Photoshop CS6/Adobe Photoshop CS6.app" 
Debug: "Installing into /Users/Wantinglin/Library/Application Support/Adobe/CS6ServiceManager/extensions" 
Debug: Installation completed 
Warning: QThread: Destroyed while thread is still running
Warning: QThread: Destroyed while thread is still running
Debug: "Launching Perspective Mockups installer 1.0.0" 
Debug: "Detecting installations on Mac 12" 
Debug: "Processing installation dir: Adobe Photoshop CC 2014.app" 
Debug: "Detecting extensions path for PS v.80.0" 
Debug: 80 "/Users/Wantinglin/Library/Application Support/Adobe/CEP/extensions" 
Debug: "Processing installation dir: Adobe Photoshop CS6.app" 
Debug: "Detecting extensions path for PS v.60.0" 
Debug: 60 "/Users/Wantinglin/Library/Application Support/Adobe/CS6ServiceManager/extensions" 
Debug: "Detecting installations in Applications/Adobe" 
Debug: "loadInstalledFilesList of '/Users/Wantinglin/Library/Application Support/io.missingpixels.perspectivemockups/files.txt' succeeded (total files: 105)" 
Debug: "uninstallInstalledFiles: removed /Users/Wantinglin/Library/Application Support/io.missingpixels.perspectivemockups/files.txt" 
Debug: "Starting installation of /Applications/Adobe Photoshop CC 2014/Adobe Photoshop CC 2014.app" 
Debug: "Installing into /Users/Wantinglin/Library/Application Support/Adobe/CEP/extensions" 
Debug: "osascript -e "do shell script \"chmod 777 \\\"/Applications/Adobe Photoshop CC 2014/Plug-ins\\\";chmod 777 \\\"/Applications/Adobe Photoshop CC 2014/Plug-ins/Generator\\\";chmod -R 777 \\\"/Applications/Adobe Photoshop CC 2014/Plug-ins/Generator/io.missingpixels.perspectivemockups\\\";chmod 777 \\\"/Applications/Adobe Photoshop CC 2014/Plug-ins/Panels\\\";chmod -R 777 \\\"/Applications/Adobe Photoshop CC 2014/Plug-ins/Panels/io.missingpixels.perspectivemockups\\\";chmod 777 \\\"/Users/Wantinglin/Library/Application Support/Adobe/CEP/extensions\\\";chmod -R 777 \\\"/Users/Wantinglin/Library/Application Support/Adobe/CEP/extensions/io.missingpixels.perspectivemockups\\\";chmod 777 \\\"/Users/Wantinglin/Library/Application Support/Adobe/CEPServiceManager4/extensions\\\";chmod -R 777 \\\"/Users/Wantinglin/Library/Application Support/Adobe/CEPServiceManager4/extensions/io.missingpixels.perspectivemockups\\\";chmod 777 \\\"/Users/Wantinglin/Library/Application Support/Adobe/CS6ServiceManager/extensions\\\";chmod -R 777 \\\"/Users/Wantinglin/Library/Application Support/Adobe/CS6ServiceManager/extensions/io.missingpixels.perspectivemockups\\\";chmod 777 \\\"/Users/Wantinglin/Library/Application Support/Adobe/CS5.5ServiceManager/extensions\\\";chmod -R 777 \\\"/Users/Wantinglin/Library/Application Support/Adobe/CS5.5ServiceManager/extensions/io.missingpixels.perspectivemockups\\\";chmod 777 \\\"/Users/Wantinglin/Library/Application Support/Adobe/CS5ServiceManager/extensions\\\";chmod -R 777 \\\"/Users/Wantinglin/Library/Application Support/Adobe/CS5ServiceManager/extensions/io.missingpixels.perspectivemockups\\\";\" with administrator privileges""  returned  256 
Critical: "Failed to create app directory inside extension dir" 
Warning: QThread: Destroyed while thread is still running
Warning: QThread: Destroyed while thread is still running
